c:\users\lenovo\onedrive\桌面\lab02\debug\vc142.pdb
c:\users\lenovo\onedrive\桌面\lab02\debug\vc142.idb
c:\users\lenovo\onedrive\桌面\lab02\debug\triangle.obj
c:\users\lenovo\onedrive\桌面\lab02\debug\rectangle.obj
c:\users\lenovo\onedrive\桌面\lab02\debug\point.obj
c:\users\lenovo\onedrive\桌面\lab02\debug\line.obj
c:\users\lenovo\onedrive\桌面\lab02\debug\lab02.obj
c:\users\lenovo\onedrive\桌面\lab02\debug\controller.obj
c:\users\lenovo\onedrive\桌面\lab02\debug\color.obj
c:\users\lenovo\onedrive\桌面\lab02\debug\circle.obj
c:\users\lenovo\onedrive\桌面\lab02\debug\shape.obj
c:\users\lenovo\onedrive\桌面\lab02\debug\lab02.exe
c:\users\lenovo\onedrive\桌面\lab02\debug\lab02.ilk
c:\users\lenovo\onedrive\桌面\lab02\debug\lab02.pdb
c:\users\lenovo\onedrive\桌面\lab02\debug\lab02.tlog\cl.command.1.tlog
c:\users\lenovo\onedrive\桌面\lab02\debug\lab02.tlog\cl.read.1.tlog
c:\users\lenovo\onedrive\桌面\lab02\debug\lab02.tlog\cl.write.1.tlog
c:\users\lenovo\onedrive\桌面\lab02\debug\lab02.tlog\link.command.1.tlog
c:\users\lenovo\onedrive\桌面\lab02\debug\lab02.tlog\link.read.1.tlog
c:\users\lenovo\onedrive\桌面\lab02\debug\lab02.tlog\link.write.1.tlog
