c:\users\lenovo\onedrive\桌面\lab02\debug\vc142.pdb
c:\users\lenovo\onedrive\桌面\lab02\debug\vc142.idb
c:\users\lenovo\onedrive\桌面\lab02\debug\triangle.obj
c:\users\lenovo\onedrive\桌面\lab02\debug\rectangle.obj
c:\users\lenovo\onedrive\桌面\lab02\debug\point.obj
c:\users\lenovo\onedrive\桌面\lab02\debug\line.obj
c:\users\lenovo\onedrive\桌面\lab02\debug\lab01.obj
c:\users\lenovo\onedrive\桌面\lab02\debug\controller.obj
c:\users\lenovo\onedrive\桌面\lab02\debug\color.obj
c:\users\lenovo\onedrive\桌面\lab02\debug\circle.obj
c:\users\lenovo\onedrive\桌面\lab02\debug\lab01.exe
c:\users\lenovo\onedrive\桌面\lab02\debug\lab01.ilk
c:\users\lenovo\onedrive\桌面\lab02\debug\lab01.pdb
d:\命\大一下\作业\c++\真-lab01\debug\circle.obj
d:\命\大一下\作业\c++\真-lab01\debug\color.obj
d:\命\大一下\作业\c++\真-lab01\debug\controller.obj
d:\命\大一下\作业\c++\真-lab01\debug\lab01.obj
d:\命\大一下\作业\c++\真-lab01\debug\line.obj
d:\命\大一下\作业\c++\真-lab01\debug\point.obj
d:\命\大一下\作业\c++\真-lab01\debug\rectangle.obj
d:\命\大一下\作业\c++\真-lab01\debug\triangle.obj
d:\命\大一下\作业\c++\真-lab01\debug\lab01.ilk
d:\命\大一下\作业\c++\真-lab01\debug\vc142.idb
d:\命\大一下\作业\c++\真-lab01\debug\lab01.pdb
d:\命\大一下\作业\c++\真-lab01\debug\vc142.pdb
d:\命\大一下\作业\c++\真-lab01\debug\lab01.exe
d:\命\大一下\作业\c++\真-lab01\debug\lab01.tlog\cl.command.1.tlog
d:\命\大一下\作业\c++\真-lab01\debug\lab01.tlog\cl.read.1.tlog
d:\命\大一下\作业\c++\真-lab01\debug\lab01.tlog\cl.write.1.tlog
d:\命\大一下\作业\c++\真-lab01\debug\lab01.tlog\link.command.1.tlog
d:\命\大一下\作业\c++\真-lab01\debug\lab01.tlog\link.read.1.tlog
d:\命\大一下\作业\c++\真-lab01\debug\lab01.tlog\link.write.1.tlog
